<?xml version="1.0" encoding="UTF-8"?>
<testsuite xmlns:xsi="http://www.w3.org/2001/XMLSchema-instance" xsi:noNamespaceSchemaLocation="https://maven.apache.org/surefire/maven-surefire-plugin/xsd/surefire-test-report.xsd" name="com.nokia.lifo.LifoApplicationTests" time="18.645" tests="2" errors="0" skipped="0" failures="0">
  <properties>
[...]
</properties>
  <testcase name="pop" classname="com.nokia.lifo.LifoApplicationTests" time="0.976"/>
  <testcase name="push" classname="com.nokia.lifo.LifoApplicationTests" time="0.236"/>
</testsuite>